f:\pm\_dyplomb\hermitespline\hermitelib\release\hermitelib.pch
f:\pm\_dyplomb\hermitespline\hermitelib\release\vc143.pdb
f:\pm\_dyplomb\hermitespline\hermitelib\release\pch.obj
f:\pm\_dyplomb\hermitespline\hermitelib\release\dllmain.obj
f:\pm\_dyplomb\hermitespline\hermitelib\release\hermite.obj
f:\pm\_dyplomb\hermitespline\hermitelib\release\functions.obj
f:\pm\_dyplomb\hermitespline\release\hermitelib.lib
f:\pm\_dyplomb\hermitespline\release\hermitelib.exp
f:\pm\_dyplomb\hermitespline\release\hermitelib.dll
f:\pm\_dyplomb\hermitespline\hermitelib\release\hermitelib.ipdb
f:\pm\_dyplomb\hermitespline\release\hermitelib.pdb
f:\pm\_dyplomb\hermitespline\hermitelib\release\hermitelib.iobj
f:\pm\_dyplomb\hermitespline\\release\hermitelib.pdb
f:\pm\_dyplomb\hermitespline\hermitelib\release\hermitelib.tlog\cl.command.1.tlog
f:\pm\_dyplomb\hermitespline\hermitelib\release\hermitelib.tlog\cl.read.1.tlog
f:\pm\_dyplomb\hermitespline\hermitelib\release\hermitelib.tlog\cl.write.1.tlog
f:\pm\_dyplomb\hermitespline\hermitelib\release\hermitelib.tlog\hermitelib.write.1u.tlog
f:\pm\_dyplomb\hermitespline\hermitelib\release\hermitelib.tlog\link.command.1.tlog
f:\pm\_dyplomb\hermitespline\hermitelib\release\hermitelib.tlog\link.read.1.tlog
f:\pm\_dyplomb\hermitespline\hermitelib\release\hermitelib.tlog\link.write.1.tlog
